<?xml version="1.0" encoding="UTF-8"?>
<!-- Generated by org.testng.reporters.JUnitXMLReporter -->
<testsuite ignored="0" hostname="IN5CD2137000" failures="0" tests="5" name="Test" time="9.196" errors="0" timestamp="2022-12-20T17:14:04 IST">
  <testcase classname="api_test.GetApi" name="getApi" time="3.379"/>
  <testcase classname="api_test.PostApi" name="postApi" time="2.624"/>
  <testcase classname="api_test.PutApi" name="putApi" time="1.097"/>
  <testcase classname="api_test.PatchApi" name="patchApi" time="1.236"/>
  <testcase classname="api_test.DeleteApi" name="deleteApi" time="0.73"/>
</testsuite> <!-- Test -->
