<?xml version="1.0" encoding="UTF-8"?>
<!-- Generated by org.testng.reporters.JUnitXMLReporter -->
<testsuite ignored="0" hostname="IN5CD2137000" failures="0" tests="5" name="Test" time="8.727" errors="0" timestamp="2022-12-20T17:17:30 IST">
  <testcase classname="api_test.GetApi" name="getApi" time="3.21"/>
  <testcase classname="api_test.PostApi" name="postApi" time="2.425"/>
  <testcase classname="api_test.PutApi" name="putApi" time="0.886"/>
  <testcase classname="api_test.PatchApi" name="patchApi" time="1.247"/>
  <testcase classname="api_test.DeleteApi" name="deleteApi" time="0.844"/>
</testsuite> <!-- Test -->
