<?xml version="1.0" encoding="UTF-8"?>
<testng-results ignored="0" total="5" passed="5" failed="0" skipped="0">
  <reporter-output>
  </reporter-output>
  <suite started-at="2022-12-20T17:13:55 IST" name="Rest Assured" finished-at="2022-12-20T17:14:04 IST" duration-ms="9196">
    <groups>
    </groups>
    <test started-at="2022-12-20T17:13:55 IST" name="Test" finished-at="2022-12-20T17:14:04 IST" duration-ms="9196">
      <class name="api_test.DeleteApi">
        <test-method signature="deleteApi()[pri:0, instance:api_test.DeleteApi@162be91c]" started-at="2022-12-20T17:14:04 IST" name="deleteApi" finished-at="2022-12-20T17:14:04 IST" duration-ms="730" status="PASS">
          <reporter-output>
          </reporter-output>
        </test-method> <!-- deleteApi -->
      </class> <!-- api_test.DeleteApi -->
      <class name="api_test.PostApi">
        <test-method signature="postApi()[pri:0, instance:api_test.PostApi@18518ccf]" started-at="2022-12-20T17:13:59 IST" name="postApi" finished-at="2022-12-20T17:14:01 IST" duration-ms="2624" status="PASS">
          <reporter-output>
          </reporter-output>
        </test-method> <!-- postApi -->
      </class> <!-- api_test.PostApi -->
      <class name="api_test.PatchApi">
        <test-method signature="patchApi()[pri:0, instance:api_test.PatchApi@10650953]" started-at="2022-12-20T17:14:02 IST" name="patchApi" finished-at="2022-12-20T17:14:04 IST" duration-ms="1236" status="PASS">
          <reporter-output>
          </reporter-output>
        </test-method> <!-- patchApi -->
      </class> <!-- api_test.PatchApi -->
      <class name="api_test.GetApi">
        <test-method signature="getApi()[pri:0, instance:api_test.GetApi@34625ccd]" started-at="2022-12-20T17:13:55 IST" name="getApi" finished-at="2022-12-20T17:13:59 IST" duration-ms="3379" status="PASS">
          <reporter-output>
          </reporter-output>
        </test-method> <!-- getApi -->
      </class> <!-- api_test.GetApi -->
      <class name="api_test.PutApi">
        <test-method signature="putApi()[pri:0, instance:api_test.PutApi@768ccdc5]" started-at="2022-12-20T17:14:01 IST" name="putApi" finished-at="2022-12-20T17:14:02 IST" duration-ms="1097" status="PASS">
          <reporter-output>
          </reporter-output>
        </test-method> <!-- putApi -->
      </class> <!-- api_test.PutApi -->
    </test> <!-- Test -->
  </suite> <!-- Rest Assured -->
</testng-results>
