<?xml version="1.0" encoding="UTF-8"?>
<testsuite xmlns:xsi="http://www.w3.org/2001/XMLSchema-instance" xsi:noNamespaceSchemaLocation="https://maven.apache.org/surefire/maven-surefire-plugin/xsd/surefire-test-report-3.0.xsd" version="3.0" name="TestSuite" time="12.46" tests="5" errors="0" skipped="0" failures="0">
  <properties>
[...]
</properties>
  <testcase name="getApi" classname="api_test.GetApi" time="3.442">
    <system-out><![CDATA[{
    "page": 2,
    "per_page": 6,
    "total": 12,
    "total_pages": 2,
    "data": [
        {
            "id": 7,
            "email": "michael.lawson@reqres.in",
            "first_name": "Michael",
            "last_name": "Lawson",
            "avatar": "https://reqres.in/img/faces/7-image.jpg"
        },
        {
            "id": 8,
            "email": "lindsay.ferguson@reqres.in",
            "first_name": "Lindsay",
            "last_name": "Ferguson",
            "avatar": "https://reqres.in/img/faces/8-image.jpg"
        },
        {
            "id": 9,
            "email": "tobias.funke@reqres.in",
            "first_name": "Tobias",
            "last_name": "Funke",
            "avatar": "https://reqres.in/img/faces/9-image.jpg"
        },
        {
            "id": 10,
            "email": "byron.fields@reqres.in",
            "first_name": "Byron",
            "last_name": "Fields",
            "avatar": "https://reqres.in/img/faces/10-image.jpg"
        },
        {
            "id": 11,
            "email": "george.edwards@reqres.in",
            "first_name": "George",
            "last_name": "Edwards",
            "avatar": "https://reqres.in/img/faces/11-image.jpg"
        },
        {
            "id": 12,
            "email": "rachel.howell@reqres.in",
            "first_name": "Rachel",
            "last_name": "Howell",
            "avatar": "https://reqres.in/img/faces/12-image.jpg"
        }
    ],
    "support": {
        "url": "https://reqres.in/#support-heading",
        "text": "To keep ReqRes free, contributions towards server costs are appreciated!"
    }
}
]]></system-out>
    <system-err><![CDATA[SLF4J: Failed to load class "org.slf4j.impl.StaticLoggerBinder".
SLF4J: Defaulting to no-operation (NOP) logger implementation
SLF4J: See http://www.slf4j.org/codes.html#StaticLoggerBinder for further details.
]]></system-err>
  </testcase>
  <testcase name="postApi" classname="api_test.PostApi" time="2.563">
    <system-out><![CDATA[{
    "Job": "Software Engineer",
    "Name": "Akash",
    "id": "93",
    "createdAt": "2022-12-20T11:44:00.059Z"
}
]]></system-out>
  </testcase>
  <testcase name="putApi" classname="api_test.PutApi" time="1.096">
    <system-out><![CDATA[{
    "Job": "Software Engineer",
    "Name": "Akash Singh",
    "updatedAt": "2022-12-20T11:44:02.588Z"
}
]]></system-out>
  </testcase>
  <testcase name="patchApi" classname="api_test.PatchApi" time="1.242">
    <system-out><![CDATA[{
    "Job": "Software Engineer",
    "Name": "Akash Kumar Singh",
    "updatedAt": "2022-12-20T11:44:03.750Z"
}
]]></system-out>
  </testcase>
  <testcase name="deleteApi" classname="api_test.DeleteApi" time="0.726"/>
</testsuite>